<?xml version="1.0" encoding="UTF-8"?>
<!-- Generated by org.testng.reporters.JUnitReportReporter -->
<testsuite hostname="DESKTOP-K9SPTF9" failures="0" tests="2" name="tests.BasketTests" time="24.573" errors="0" timestamp="2026-05-08T15:26:38 IST" skipped="0">
  <testcase classname="tests.BasketTests" name="verifyBasketCheckoutFormDisplays" time="10.632"/>
  <testcase classname="tests.BasketTests" name="verifyBasketUpdatesAfterAddingProduct" time="13.941"/>
</testsuite> <!-- tests.BasketTests -->
