<?xml version="1.0" encoding="UTF-8"?>
<!-- Generated by org.testng.reporters.JUnitXMLReporter -->
<testsuite ignored="0" hostname="DESKTOP-K9SPTF9" failures="0" tests="5" name="SweetShopTests" time="61.074" errors="0" timestamp="2026-05-08T15:26:38 IST">
  <testcase classname="tests.LoginTests" name="verifyLoginPage" time="1.375"/>
  <testcase classname="tests.ProductTests" name="verifyProductsPageDisplaysSweetItems" time="1.889"/>
  <testcase classname="tests.BasketTests" name="verifyBasketCheckoutFormDisplays" time="0.813"/>
  <testcase classname="tests.BasketTests" name="verifyBasketUpdatesAfterAddingProduct" time="1.934"/>
  <testcase classname="tests.NavigationTests" name="verifyMainNavigationLinks" time="4.099"/>
</testsuite> <!-- SweetShopTests -->
